2025-03-09 21:43:15.373  INFO 57594 --- [           main] az.ailab.lib.common.Application          : [] Starting Application using Java 17.0.14 with PID 57594 (/Users/tahmazovfarid/IdeaProjects/lib-common/build/classes/java/main started by tahmazovfarid in /Users/tahmazovfarid/IdeaProjects/lib-common)
2025-03-09 21:43:15.376  INFO 57594 --- [           main] az.ailab.lib.common.Application          : [] No active profile set, falling back to 1 default profile: "default"
2025-03-09 21:43:16.001  INFO 57594 --- [           main] o.s.cloud.context.scope.GenericScope     : [] BeanFactory id=42ec807d-a689-309c-a11a-f0cb7536a3a5
2025-03-09 21:43:16.234  INFO 57594 --- [           main] o.s.b.w.embedded.tomcat.TomcatWebServer  : [] Tomcat initialized with port 8080 (http)
2025-03-09 21:43:16.239  INFO 57594 --- [           main] o.apache.catalina.core.StandardService   : [] Starting service [Tomcat]
2025-03-09 21:43:16.240  INFO 57594 --- [           main] o.apache.catalina.core.StandardEngine    : [] Starting Servlet engine: [Apache Tomcat/10.1.19]
2025-03-09 21:43:16.269  INFO 57594 --- [           main] o.a.c.c.C.[Tomcat].[localhost].[/]       : [] Initializing Spring embedded WebApplicationContext
2025-03-09 21:43:16.269  INFO 57594 --- [           main] w.s.c.ServletWebServerApplicationContext : [] Root WebApplicationContext: initialization completed in 870 ms
2025-03-09 21:43:16.444  WARN 57594 --- [           main] ConfigServletWebServerApplicationContext : [] Exception encountered during context initialization - cancelling refresh attempt: org.springframework.beans.factory.UnsatisfiedDependencyException: Error creating bean with name 'documentationConfiguration' defined in file [/Users/tahmazovfarid/IdeaProjects/lib-common/build/classes/java/main/az/ailab/lib/common/config/DocumentationConfiguration.class]: Unsatisfied dependency expressed through constructor parameter 0: No qualifying bean of type 'az.ailab.lib.common.config.properties.SwaggerProperties' available: expected at least 1 bean which qualifies as autowire candidate. Dependency annotations: {}
2025-03-09 21:43:16.446  INFO 57594 --- [           main] o.apache.catalina.core.StandardService   : [] Stopping service [Tomcat]
2025-03-09 21:43:16.460  INFO 57594 --- [           main] .s.b.a.l.ConditionEvaluationReportLogger : [] 

Error starting ApplicationContext. To display the condition evaluation report re-run your application with 'debug' enabled.
2025-03-09 21:43:16.473 ERROR 57594 --- [           main] o.s.b.d.LoggingFailureAnalysisReporter   : [] 

***************************
APPLICATION FAILED TO START
***************************

Description:

Parameter 0 of constructor in az.ailab.lib.common.config.DocumentationConfiguration required a bean of type 'az.ailab.lib.common.config.properties.SwaggerProperties' that could not be found.


Action:

Consider defining a bean of type 'az.ailab.lib.common.config.properties.SwaggerProperties' in your configuration.

2025-03-09 21:43:37.339  INFO 57633 --- [           main] az.ailab.lib.common.Application          : [] Starting Application using Java 17.0.14 with PID 57633 (/Users/tahmazovfarid/IdeaProjects/lib-common/build/classes/java/main started by tahmazovfarid in /Users/tahmazovfarid/IdeaProjects/lib-common)
2025-03-09 21:43:37.342  INFO 57633 --- [           main] az.ailab.lib.common.Application          : [] No active profile set, falling back to 1 default profile: "default"
2025-03-09 21:43:38.153  INFO 57633 --- [           main] o.s.cloud.context.scope.GenericScope     : [] BeanFactory id=42ec807d-a689-309c-a11a-f0cb7536a3a5
2025-03-09 21:43:38.421  INFO 57633 --- [           main] o.s.b.w.embedded.tomcat.TomcatWebServer  : [] Tomcat initialized with port 8080 (http)
2025-03-09 21:43:38.429  INFO 57633 --- [           main] o.apache.catalina.core.StandardService   : [] Starting service [Tomcat]
2025-03-09 21:43:38.429  INFO 57633 --- [           main] o.apache.catalina.core.StandardEngine    : [] Starting Servlet engine: [Apache Tomcat/10.1.19]
2025-03-09 21:43:38.470  INFO 57633 --- [           main] o.a.c.c.C.[Tomcat].[localhost].[/]       : [] Initializing Spring embedded WebApplicationContext
2025-03-09 21:43:38.470  INFO 57633 --- [           main] w.s.c.ServletWebServerApplicationContext : [] Root WebApplicationContext: initialization completed in 1076 ms
2025-03-09 21:43:38.631  WARN 57633 --- [           main] ConfigServletWebServerApplicationContext : [] Exception encountered during context initialization - cancelling refresh attempt: org.springframework.beans.factory.UnsatisfiedDependencyException: Error creating bean with name 'documentationConfiguration' defined in file [/Users/tahmazovfarid/IdeaProjects/lib-common/build/classes/java/main/az/ailab/lib/common/config/DocumentationConfiguration.class]: Unsatisfied dependency expressed through constructor parameter 0: No qualifying bean of type 'az.ailab.lib.common.config.properties.SwaggerProperties' available: expected at least 1 bean which qualifies as autowire candidate. Dependency annotations: {}
2025-03-09 21:43:38.634  INFO 57633 --- [           main] o.apache.catalina.core.StandardService   : [] Stopping service [Tomcat]
2025-03-09 21:43:38.647  INFO 57633 --- [           main] .s.b.a.l.ConditionEvaluationReportLogger : [] 

Error starting ApplicationContext. To display the condition evaluation report re-run your application with 'debug' enabled.
2025-03-09 21:43:38.660 ERROR 57633 --- [           main] o.s.b.d.LoggingFailureAnalysisReporter   : [] 

***************************
APPLICATION FAILED TO START
***************************

Description:

Parameter 0 of constructor in az.ailab.lib.common.config.DocumentationConfiguration required a bean of type 'az.ailab.lib.common.config.properties.SwaggerProperties' that could not be found.


Action:

Consider defining a bean of type 'az.ailab.lib.common.config.properties.SwaggerProperties' in your configuration.

2025-03-09 21:43:45.543  INFO 57646 --- [           main] az.ailab.lib.common.Application          : [] Starting Application using Java 17.0.14 with PID 57646 (/Users/tahmazovfarid/IdeaProjects/lib-common/build/classes/java/main started by tahmazovfarid in /Users/tahmazovfarid/IdeaProjects/lib-common)
2025-03-09 21:43:45.545  INFO 57646 --- [           main] az.ailab.lib.common.Application          : [] No active profile set, falling back to 1 default profile: "default"
2025-03-09 21:43:46.046  INFO 57646 --- [           main] o.s.cloud.context.scope.GenericScope     : [] BeanFactory id=42ec807d-a689-309c-a11a-f0cb7536a3a5
2025-03-09 21:43:46.309  INFO 57646 --- [           main] o.s.b.w.embedded.tomcat.TomcatWebServer  : [] Tomcat initialized with port 8080 (http)
2025-03-09 21:43:46.317  INFO 57646 --- [           main] o.apache.catalina.core.StandardService   : [] Starting service [Tomcat]
2025-03-09 21:43:46.318  INFO 57646 --- [           main] o.apache.catalina.core.StandardEngine    : [] Starting Servlet engine: [Apache Tomcat/10.1.19]
2025-03-09 21:43:46.373  INFO 57646 --- [           main] o.a.c.c.C.[Tomcat].[localhost].[/]       : [] Initializing Spring embedded WebApplicationContext
2025-03-09 21:43:46.374  INFO 57646 --- [           main] w.s.c.ServletWebServerApplicationContext : [] Root WebApplicationContext: initialization completed in 802 ms
2025-03-09 21:43:46.653  WARN 57646 --- [           main] ConfigServletWebServerApplicationContext : [] Exception encountered during context initialization - cancelling refresh attempt: org.springframework.beans.factory.UnsatisfiedDependencyException: Error creating bean with name 'documentationConfiguration' defined in file [/Users/tahmazovfarid/IdeaProjects/lib-common/build/classes/java/main/az/ailab/lib/common/config/DocumentationConfiguration.class]: Unsatisfied dependency expressed through constructor parameter 0: No qualifying bean of type 'az.ailab.lib.common.config.properties.SwaggerProperties' available: expected at least 1 bean which qualifies as autowire candidate. Dependency annotations: {}
2025-03-09 21:43:46.657  INFO 57646 --- [           main] o.apache.catalina.core.StandardService   : [] Stopping service [Tomcat]
2025-03-09 21:43:46.680  INFO 57646 --- [           main] .s.b.a.l.ConditionEvaluationReportLogger : [] 

Error starting ApplicationContext. To display the condition evaluation report re-run your application with 'debug' enabled.
2025-03-09 21:43:46.704 ERROR 57646 --- [           main] o.s.b.d.LoggingFailureAnalysisReporter   : [] 

***************************
APPLICATION FAILED TO START
***************************

Description:

Parameter 0 of constructor in az.ailab.lib.common.config.DocumentationConfiguration required a bean of type 'az.ailab.lib.common.config.properties.SwaggerProperties' that could not be found.


Action:

Consider defining a bean of type 'az.ailab.lib.common.config.properties.SwaggerProperties' in your configuration.

2025-03-09 21:44:23.303  INFO 57664 --- [           main] az.ailab.lib.common.Application          : [] Starting Application using Java 17.0.14 with PID 57664 (/Users/tahmazovfarid/IdeaProjects/lib-common/build/classes/java/main started by tahmazovfarid in /Users/tahmazovfarid/IdeaProjects/lib-common)
2025-03-09 21:44:23.304  INFO 57664 --- [           main] az.ailab.lib.common.Application          : [] No active profile set, falling back to 1 default profile: "default"
2025-03-09 21:44:23.768  INFO 57664 --- [           main] o.s.cloud.context.scope.GenericScope     : [] BeanFactory id=e8f1790a-57d5-34ef-b5fe-2f9753c37b6b
2025-03-09 21:44:23.935  INFO 57664 --- [           main] o.s.b.w.embedded.tomcat.TomcatWebServer  : [] Tomcat initialized with port 8080 (http)
2025-03-09 21:44:23.940  INFO 57664 --- [           main] o.apache.catalina.core.StandardService   : [] Starting service [Tomcat]
2025-03-09 21:44:23.940  INFO 57664 --- [           main] o.apache.catalina.core.StandardEngine    : [] Starting Servlet engine: [Apache Tomcat/10.1.19]
2025-03-09 21:44:23.961  INFO 57664 --- [           main] o.a.c.c.C.[Tomcat].[localhost].[/]       : [] Initializing Spring embedded WebApplicationContext
2025-03-09 21:44:23.961  INFO 57664 --- [           main] w.s.c.ServletWebServerApplicationContext : [] Root WebApplicationContext: initialization completed in 645 ms
2025-03-09 21:44:24.370  INFO 57664 --- [           main] o.s.b.a.e.web.EndpointLinksResolver      : [] Exposing 1 endpoint(s) beneath base path '/actuator'
2025-03-09 21:44:24.396  INFO 57664 --- [           main] o.s.b.w.embedded.tomcat.TomcatWebServer  : [] Tomcat started on port 8080 (http) with context path ''
2025-03-09 21:44:24.406  INFO 57664 --- [           main] az.ailab.lib.common.Application          : [] Started Application in 1.272 seconds (process running for 1.54)
2025-03-09 21:44:24.592  INFO 57664 --- [on(2)-127.0.0.1] o.a.c.c.C.[Tomcat].[localhost].[/]       : [] Initializing Spring DispatcherServlet 'dispatcherServlet'
2025-03-09 21:44:24.593  INFO 57664 --- [on(2)-127.0.0.1] o.s.web.servlet.DispatcherServlet        : [] Initializing Servlet 'dispatcherServlet'
2025-03-09 21:44:24.595  INFO 57664 --- [on(2)-127.0.0.1] o.s.web.servlet.DispatcherServlet        : [] Completed initialization in 2 ms
2025-03-09 21:44:44.800  INFO 57664 --- [nio-8080-exec-9] o.springdoc.api.AbstractOpenApiResource  : [] Init duration for springdoc-openapi is: 120 ms
2025-03-09 21:44:54.297 ERROR 57664 --- [io-8080-exec-10] a.a.lib.common.error.CommonErrorHandler  : [] Error unexpected internal server error: code: 500 INTERNAL_SERVER_ERROR, message: Name for argument of type [java.lang.String] not specified, and parameter name information not available via reflection. Ensure that the compiler uses the '-parameters' flag.
2025-03-09 21:45:37.326  INFO 57724 --- [           main] az.ailab.lib.common.Application          : [] Starting Application using Java 17.0.14 with PID 57724 (/Users/tahmazovfarid/IdeaProjects/lib-common/build/classes/java/main started by tahmazovfarid in /Users/tahmazovfarid/IdeaProjects/lib-common)
2025-03-09 21:45:37.327  INFO 57724 --- [           main] az.ailab.lib.common.Application          : [] No active profile set, falling back to 1 default profile: "default"
2025-03-09 21:45:37.850  INFO 57724 --- [           main] o.s.cloud.context.scope.GenericScope     : [] BeanFactory id=e8f1790a-57d5-34ef-b5fe-2f9753c37b6b
2025-03-09 21:45:38.028  INFO 57724 --- [           main] o.s.b.w.embedded.tomcat.TomcatWebServer  : [] Tomcat initialized with port 8080 (http)
2025-03-09 21:45:38.035  INFO 57724 --- [           main] o.apache.catalina.core.StandardService   : [] Starting service [Tomcat]
2025-03-09 21:45:38.035  INFO 57724 --- [           main] o.apache.catalina.core.StandardEngine    : [] Starting Servlet engine: [Apache Tomcat/10.1.19]
2025-03-09 21:45:38.068  INFO 57724 --- [           main] o.a.c.c.C.[Tomcat].[localhost].[/]       : [] Initializing Spring embedded WebApplicationContext
2025-03-09 21:45:38.069  INFO 57724 --- [           main] w.s.c.ServletWebServerApplicationContext : [] Root WebApplicationContext: initialization completed in 718 ms
2025-03-09 21:45:38.537  INFO 57724 --- [           main] o.s.b.a.e.web.EndpointLinksResolver      : [] Exposing 1 endpoint(s) beneath base path '/actuator'
2025-03-09 21:45:38.569  INFO 57724 --- [           main] o.s.b.w.embedded.tomcat.TomcatWebServer  : [] Tomcat started on port 8080 (http) with context path ''
2025-03-09 21:45:38.579  INFO 57724 --- [           main] az.ailab.lib.common.Application          : [] Started Application in 1.73 seconds (process running for 2.353)
2025-03-09 21:45:39.086  INFO 57724 --- [on(3)-127.0.0.1] o.a.c.c.C.[Tomcat].[localhost].[/]       : [] Initializing Spring DispatcherServlet 'dispatcherServlet'
2025-03-09 21:45:39.089  INFO 57724 --- [on(3)-127.0.0.1] o.s.web.servlet.DispatcherServlet        : [] Initializing Servlet 'dispatcherServlet'
2025-03-09 21:45:39.091  INFO 57724 --- [on(3)-127.0.0.1] o.s.web.servlet.DispatcherServlet        : [] Completed initialization in 1 ms
2025-03-09 21:45:43.123 ERROR 57724 --- [nio-8080-exec-1] a.a.lib.common.error.CommonErrorHandler  : [] Missing request param error message: Required request parameter 'name' for method parameter type String is not present
2025-03-09 21:45:48.050  INFO 57724 --- [nio-8080-exec-5] o.springdoc.api.AbstractOpenApiResource  : [] Init duration for springdoc-openapi is: 140 ms
2025-03-09 21:46:37.843  INFO 57798 --- [           main] az.ailab.lib.common.Application          : [] Starting Application using Java 17.0.14 with PID 57798 (/Users/tahmazovfarid/IdeaProjects/lib-common/build/classes/java/main started by tahmazovfarid in /Users/tahmazovfarid/IdeaProjects/lib-common)
2025-03-09 21:46:37.846  INFO 57798 --- [           main] az.ailab.lib.common.Application          : [] No active profile set, falling back to 1 default profile: "default"
2025-03-09 21:46:38.479  INFO 57798 --- [           main] o.s.cloud.context.scope.GenericScope     : [] BeanFactory id=e8f1790a-57d5-34ef-b5fe-2f9753c37b6b
2025-03-09 21:46:38.863  INFO 57798 --- [           main] o.s.b.w.embedded.tomcat.TomcatWebServer  : [] Tomcat initialized with port 8080 (http)
2025-03-09 21:46:38.878  INFO 57798 --- [           main] o.apache.catalina.core.StandardService   : [] Starting service [Tomcat]
2025-03-09 21:46:38.879  INFO 57798 --- [           main] o.apache.catalina.core.StandardEngine    : [] Starting Servlet engine: [Apache Tomcat/10.1.19]
2025-03-09 21:46:38.912  INFO 57798 --- [           main] o.a.c.c.C.[Tomcat].[localhost].[/]       : [] Initializing Spring embedded WebApplicationContext
2025-03-09 21:46:38.913  INFO 57798 --- [           main] w.s.c.ServletWebServerApplicationContext : [] Root WebApplicationContext: initialization completed in 1042 ms
2025-03-09 21:46:39.375  INFO 57798 --- [           main] o.s.b.a.e.web.EndpointLinksResolver      : [] Exposing 1 endpoint(s) beneath base path '/actuator'
2025-03-09 21:46:39.403  INFO 57798 --- [           main] o.s.b.w.embedded.tomcat.TomcatWebServer  : [] Tomcat started on port 8080 (http) with context path ''
2025-03-09 21:46:39.413  INFO 57798 --- [           main] az.ailab.lib.common.Application          : [] Started Application in 1.969 seconds (process running for 2.432)
2025-03-09 21:46:39.812  INFO 57798 --- [on(3)-127.0.0.1] o.a.c.c.C.[Tomcat].[localhost].[/]       : [] Initializing Spring DispatcherServlet 'dispatcherServlet'
2025-03-09 21:46:39.812  INFO 57798 --- [on(3)-127.0.0.1] o.s.web.servlet.DispatcherServlet        : [] Initializing Servlet 'dispatcherServlet'
2025-03-09 21:46:39.814  INFO 57798 --- [on(3)-127.0.0.1] o.s.web.servlet.DispatcherServlet        : [] Completed initialization in 1 ms
2025-03-09 21:47:20.168  INFO 57825 --- [           main] az.ailab.lib.common.Application          : [] Starting Application using Java 17.0.14 with PID 57825 (/Users/tahmazovfarid/IdeaProjects/lib-common/build/classes/java/main started by tahmazovfarid in /Users/tahmazovfarid/IdeaProjects/lib-common)
2025-03-09 21:47:20.168  INFO 57825 --- [           main] az.ailab.lib.common.Application          : [] The following 1 profile is active: "dev"
2025-03-09 21:47:20.563  INFO 57825 --- [           main] o.s.cloud.context.scope.GenericScope     : [] BeanFactory id=e8f1790a-57d5-34ef-b5fe-2f9753c37b6b
2025-03-09 21:47:20.751  INFO 57825 --- [           main] o.s.b.w.embedded.tomcat.TomcatWebServer  : [] Tomcat initialized with port 8080 (http)
2025-03-09 21:47:20.755  INFO 57825 --- [           main] o.apache.catalina.core.StandardService   : [] Starting service [Tomcat]
2025-03-09 21:47:20.755  INFO 57825 --- [           main] o.apache.catalina.core.StandardEngine    : [] Starting Servlet engine: [Apache Tomcat/10.1.19]
2025-03-09 21:47:20.776  INFO 57825 --- [           main] o.a.c.c.C.[Tomcat].[localhost].[/]       : [] Initializing Spring embedded WebApplicationContext
2025-03-09 21:47:20.777  INFO 57825 --- [           main] w.s.c.ServletWebServerApplicationContext : [] Root WebApplicationContext: initialization completed in 595 ms
2025-03-09 21:47:21.187  INFO 57825 --- [           main] o.s.b.a.e.web.EndpointLinksResolver      : [] Exposing 1 endpoint(s) beneath base path '/actuator'
2025-03-09 21:47:21.213  INFO 57825 --- [           main] o.s.b.w.embedded.tomcat.TomcatWebServer  : [] Tomcat started on port 8080 (http) with context path ''
2025-03-09 21:47:21.222  INFO 57825 --- [           main] az.ailab.lib.common.Application          : [] Started Application in 1.22 seconds (process running for 1.434)
2025-03-09 21:47:21.468  INFO 57825 --- [on(2)-127.0.0.1] o.a.c.c.C.[Tomcat].[localhost].[/]       : [] Initializing Spring DispatcherServlet 'dispatcherServlet'
2025-03-09 21:47:21.468  INFO 57825 --- [on(2)-127.0.0.1] o.s.web.servlet.DispatcherServlet        : [] Initializing Servlet 'dispatcherServlet'
2025-03-09 21:47:21.470  INFO 57825 --- [on(2)-127.0.0.1] o.s.web.servlet.DispatcherServlet        : [] Completed initialization in 2 ms
2025-03-09 21:47:54.207  INFO 57836 --- [           main] az.ailab.lib.common.Application          : [] Starting Application using Java 17.0.14 with PID 57836 (/Users/tahmazovfarid/IdeaProjects/lib-common/build/classes/java/main started by tahmazovfarid in /Users/tahmazovfarid/IdeaProjects/lib-common)
2025-03-09 21:47:54.209  INFO 57836 --- [           main] az.ailab.lib.common.Application          : [] The following 1 profile is active: "dev"
2025-03-09 21:47:54.781  INFO 57836 --- [           main] o.s.cloud.context.scope.GenericScope     : [] BeanFactory id=230fe814-b3b7-3e6f-ad37-c3e804d8bb7b
2025-03-09 21:47:54.955  INFO 57836 --- [           main] o.s.b.w.embedded.tomcat.TomcatWebServer  : [] Tomcat initialized with port 8080 (http)
2025-03-09 21:47:54.959  INFO 57836 --- [           main] o.apache.catalina.core.StandardService   : [] Starting service [Tomcat]
2025-03-09 21:47:54.959  INFO 57836 --- [           main] o.apache.catalina.core.StandardEngine    : [] Starting Servlet engine: [Apache Tomcat/10.1.19]
2025-03-09 21:47:54.981  INFO 57836 --- [           main] o.a.c.c.C.[Tomcat].[localhost].[/]       : [] Initializing Spring embedded WebApplicationContext
2025-03-09 21:47:54.981  INFO 57836 --- [           main] w.s.c.ServletWebServerApplicationContext : [] Root WebApplicationContext: initialization completed in 745 ms
2025-03-09 21:47:55.394  INFO 57836 --- [           main] o.s.b.a.e.web.EndpointLinksResolver      : [] Exposing 1 endpoint(s) beneath base path '/actuator'
2025-03-09 21:47:55.421  INFO 57836 --- [           main] o.s.b.w.embedded.tomcat.TomcatWebServer  : [] Tomcat started on port 8080 (http) with context path ''
2025-03-09 21:47:55.432  INFO 57836 --- [           main] az.ailab.lib.common.Application          : [] Started Application in 1.53 seconds (process running for 1.946)
2025-03-09 21:47:55.863  INFO 57836 --- [on(1)-127.0.0.1] o.a.c.c.C.[Tomcat].[localhost].[/]       : [] Initializing Spring DispatcherServlet 'dispatcherServlet'
2025-03-09 21:47:55.864  INFO 57836 --- [on(1)-127.0.0.1] o.s.web.servlet.DispatcherServlet        : [] Initializing Servlet 'dispatcherServlet'
2025-03-09 21:47:55.865  INFO 57836 --- [on(1)-127.0.0.1] o.s.web.servlet.DispatcherServlet        : [] Completed initialization in 1 ms
2025-03-09 21:48:18.622  INFO 57881 --- [           main] az.ailab.lib.common.Application          : [] Starting Application using Java 17.0.14 with PID 57881 (/Users/tahmazovfarid/IdeaProjects/lib-common/build/classes/java/main started by tahmazovfarid in /Users/tahmazovfarid/IdeaProjects/lib-common)
2025-03-09 21:48:18.623  INFO 57881 --- [           main] az.ailab.lib.common.Application          : [] The following 1 profile is active: "dev"
2025-03-09 21:48:19.520  INFO 57881 --- [           main] o.s.cloud.context.scope.GenericScope     : [] BeanFactory id=230fe814-b3b7-3e6f-ad37-c3e804d8bb7b
2025-03-09 21:48:19.792  INFO 57881 --- [           main] o.s.b.w.embedded.tomcat.TomcatWebServer  : [] Tomcat initialized with port 8080 (http)
2025-03-09 21:48:19.799  INFO 57881 --- [           main] o.apache.catalina.core.StandardService   : [] Starting service [Tomcat]
2025-03-09 21:48:19.799  INFO 57881 --- [           main] o.apache.catalina.core.StandardEngine    : [] Starting Servlet engine: [Apache Tomcat/10.1.19]
2025-03-09 21:48:19.831  INFO 57881 --- [           main] o.a.c.c.C.[Tomcat].[localhost].[/]       : [] Initializing Spring embedded WebApplicationContext
2025-03-09 21:48:19.832  INFO 57881 --- [           main] w.s.c.ServletWebServerApplicationContext : [] Root WebApplicationContext: initialization completed in 1164 ms
2025-03-09 21:48:20.950  INFO 57881 --- [           main] o.s.b.a.e.web.EndpointLinksResolver      : [] Exposing 1 endpoint(s) beneath base path '/actuator'
2025-03-09 21:48:21.086  INFO 57881 --- [           main] o.s.b.w.embedded.tomcat.TomcatWebServer  : [] Tomcat started on port 8080 (http) with context path ''
2025-03-09 21:48:21.109  INFO 57881 --- [           main] az.ailab.lib.common.Application          : [] Started Application in 2.798 seconds (process running for 3.107)
2025-03-09 21:48:22.698  INFO 57881 --- [on(1)-127.0.0.1] o.a.c.c.C.[Tomcat].[localhost].[/]       : [] Initializing Spring DispatcherServlet 'dispatcherServlet'
2025-03-09 21:48:22.703  INFO 57881 --- [on(1)-127.0.0.1] o.s.web.servlet.DispatcherServlet        : [] Initializing Servlet 'dispatcherServlet'
2025-03-09 21:48:22.711  INFO 57881 --- [on(1)-127.0.0.1] o.s.web.servlet.DispatcherServlet        : [] Completed initialization in 8 ms
2025-03-09 21:49:08.571  INFO 57916 --- [           main] az.ailab.lib.common.Application          : [] Starting Application using Java 17.0.14 with PID 57916 (/Users/tahmazovfarid/IdeaProjects/lib-common/build/classes/java/main started by tahmazovfarid in /Users/tahmazovfarid/IdeaProjects/lib-common)
2025-03-09 21:49:08.573  INFO 57916 --- [           main] az.ailab.lib.common.Application          : [] The following 1 profile is active: "dev"
2025-03-09 21:49:09.508  INFO 57916 --- [           main] o.s.cloud.context.scope.GenericScope     : [] BeanFactory id=230fe814-b3b7-3e6f-ad37-c3e804d8bb7b
2025-03-09 21:49:09.842  INFO 57916 --- [           main] o.s.b.w.embedded.tomcat.TomcatWebServer  : [] Tomcat initialized with port 8080 (http)
2025-03-09 21:49:09.873  INFO 57916 --- [           main] w.s.c.ServletWebServerApplicationContext : [] Root WebApplicationContext: initialization completed in 1272 ms
2025-03-09 21:49:10.992  INFO 57916 --- [           main] o.s.b.a.e.web.EndpointLinksResolver      : [] Exposing 1 endpoint(s) beneath base path '/actuator'
2025-03-09 21:49:11.073  INFO 57916 --- [           main] o.s.b.w.embedded.tomcat.TomcatWebServer  : [] Tomcat started on port 8080 (http) with context path ''
2025-03-09 21:49:11.094  INFO 57916 --- [           main] az.ailab.lib.common.Application          : [] Started Application in 2.948 seconds (process running for 3.379)
2025-03-09 21:49:24.303  INFO 57939 --- [           main] az.ailab.lib.common.Application          : [] Starting Application using Java 17.0.14 with PID 57939 (/Users/tahmazovfarid/IdeaProjects/lib-common/build/classes/java/main started by tahmazovfarid in /Users/tahmazovfarid/IdeaProjects/lib-common)
2025-03-09 21:49:24.305  INFO 57939 --- [           main] az.ailab.lib.common.Application          : [] The following 1 profile is active: "dev"
2025-03-09 21:49:25.498  INFO 57939 --- [           main] o.s.cloud.context.scope.GenericScope     : [] BeanFactory id=e8f1790a-57d5-34ef-b5fe-2f9753c37b6b
2025-03-09 21:49:25.937  INFO 57939 --- [           main] o.s.b.w.embedded.tomcat.TomcatWebServer  : [] Tomcat initialized with port 8080 (http)
2025-03-09 21:49:25.949  INFO 57939 --- [           main] o.apache.catalina.core.StandardService   : [] Starting service [Tomcat]
2025-03-09 21:49:25.950  INFO 57939 --- [           main] o.apache.catalina.core.StandardEngine    : [] Starting Servlet engine: [Apache Tomcat/10.1.19]
2025-03-09 21:49:25.997  INFO 57939 --- [           main] o.a.c.c.C.[Tomcat].[localhost].[/]       : [] Initializing Spring embedded WebApplicationContext
2025-03-09 21:49:25.997  INFO 57939 --- [           main] w.s.c.ServletWebServerApplicationContext : [] Root WebApplicationContext: initialization completed in 1636 ms
2025-03-09 21:49:27.215  INFO 57939 --- [           main] o.s.b.a.e.web.EndpointLinksResolver      : [] Exposing 1 endpoint(s) beneath base path '/actuator'
2025-03-09 21:49:27.300  INFO 57939 --- [           main] o.s.b.w.embedded.tomcat.TomcatWebServer  : [] Tomcat started on port 8080 (http) with context path ''
2025-03-09 21:49:27.329  INFO 57939 --- [           main] az.ailab.lib.common.Application          : [] Started Application in 3.49 seconds (process running for 5.335)
2025-03-09 21:49:27.699  INFO 57939 --- [n(12)-127.0.0.1] o.a.c.c.C.[Tomcat].[localhost].[/]       : [] Initializing Spring DispatcherServlet 'dispatcherServlet'
2025-03-09 21:49:27.700  INFO 57939 --- [n(12)-127.0.0.1] o.s.web.servlet.DispatcherServlet        : [] Initializing Servlet 'dispatcherServlet'
2025-03-09 21:49:27.703  INFO 57939 --- [n(12)-127.0.0.1] o.s.web.servlet.DispatcherServlet        : [] Completed initialization in 2 ms
2025-03-09 21:51:07.986  INFO 58004 --- [           main] az.ailab.lib.common.Application          : [] Starting Application using Java 17.0.14 with PID 58004 (/Users/tahmazovfarid/IdeaProjects/lib-common/build/classes/java/main started by tahmazovfarid in /Users/tahmazovfarid/IdeaProjects/lib-common)
2025-03-09 21:51:07.989  INFO 58004 --- [           main] az.ailab.lib.common.Application          : [] The following 1 profile is active: "dev"
2025-03-09 21:51:09.333  INFO 58004 --- [           main] o.s.cloud.context.scope.GenericScope     : [] BeanFactory id=e8f1790a-57d5-34ef-b5fe-2f9753c37b6b
2025-03-09 21:51:09.924  INFO 58004 --- [           main] o.s.b.w.embedded.tomcat.TomcatWebServer  : [] Tomcat initialized with port 8080 (http)
2025-03-09 21:51:09.943  INFO 58004 --- [           main] o.apache.catalina.core.StandardService   : [] Starting service [Tomcat]
2025-03-09 21:51:09.944  INFO 58004 --- [           main] o.apache.catalina.core.StandardEngine    : [] Starting Servlet engine: [Apache Tomcat/10.1.19]
2025-03-09 21:51:10.030  INFO 58004 --- [           main] o.a.c.c.C.[Tomcat].[localhost].[/]       : [] Initializing Spring embedded WebApplicationContext
2025-03-09 21:51:10.031  INFO 58004 --- [           main] w.s.c.ServletWebServerApplicationContext : [] Root WebApplicationContext: initialization completed in 1989 ms
2025-03-09 21:51:11.414  INFO 58004 --- [           main] o.s.b.a.e.web.EndpointLinksResolver      : [] Exposing 1 endpoint(s) beneath base path '/actuator'
2025-03-09 21:51:11.501  INFO 58004 --- [           main] o.s.b.w.embedded.tomcat.TomcatWebServer  : [] Tomcat started on port 8080 (http) with context path ''
2025-03-09 21:51:11.527  INFO 58004 --- [           main] az.ailab.lib.common.Application          : [] Started Application in 4.284 seconds (process running for 7.126)
2025-03-09 21:52:12.401  INFO 58004 --- [nio-8080-exec-1] o.a.c.c.C.[Tomcat].[localhost].[/]       : [] Initializing Spring DispatcherServlet 'dispatcherServlet'
2025-03-09 21:52:12.410  INFO 58004 --- [nio-8080-exec-1] o.s.web.servlet.DispatcherServlet        : [] Initializing Servlet 'dispatcherServlet'
2025-03-09 21:52:12.456  INFO 58004 --- [nio-8080-exec-1] o.s.web.servlet.DispatcherServlet        : [] Completed initialization in 46 ms
2025-03-09 21:52:54.203  INFO 58133 --- [           main] az.ailab.lib.common.Application          : [] Starting Application using Java 17.0.14 with PID 58133 (/Users/tahmazovfarid/IdeaProjects/lib-common/build/classes/java/main started by tahmazovfarid in /Users/tahmazovfarid/IdeaProjects/lib-common)
2025-03-09 21:52:54.205  INFO 58133 --- [           main] az.ailab.lib.common.Application          : [] The following 1 profile is active: "dev"
2025-03-09 21:52:54.911  INFO 58133 --- [           main] o.s.cloud.context.scope.GenericScope     : [] BeanFactory id=e8f1790a-57d5-34ef-b5fe-2f9753c37b6b
2025-03-09 21:52:55.153  INFO 58133 --- [           main] o.s.b.w.embedded.tomcat.TomcatWebServer  : [] Tomcat initialized with port 8080 (http)
2025-03-09 21:52:55.158  INFO 58133 --- [           main] o.apache.catalina.core.StandardService   : [] Starting service [Tomcat]
2025-03-09 21:52:55.158  INFO 58133 --- [           main] o.apache.catalina.core.StandardEngine    : [] Starting Servlet engine: [Apache Tomcat/10.1.19]
2025-03-09 21:52:55.187  INFO 58133 --- [           main] o.a.c.c.C.[Tomcat].[localhost].[/]       : [] Initializing Spring embedded WebApplicationContext
2025-03-09 21:52:55.188  INFO 58133 --- [           main] w.s.c.ServletWebServerApplicationContext : [] Root WebApplicationContext: initialization completed in 942 ms
2025-03-09 21:52:55.744  INFO 58133 --- [           main] o.s.b.a.e.web.EndpointLinksResolver      : [] Exposing 1 endpoint(s) beneath base path '/actuator'
2025-03-09 21:52:55.782  INFO 58133 --- [           main] o.s.b.w.embedded.tomcat.TomcatWebServer  : [] Tomcat started on port 8080 (http) with context path ''
2025-03-09 21:52:55.792  INFO 58133 --- [           main] az.ailab.lib.common.Application          : [] Started Application in 2.088 seconds (process running for 5.723)
2025-03-09 21:54:10.259  INFO 58133 --- [nio-8080-exec-1] o.a.c.c.C.[Tomcat].[localhost].[/]       : [] Initializing Spring DispatcherServlet 'dispatcherServlet'
2025-03-09 21:54:10.261  INFO 58133 --- [nio-8080-exec-1] o.s.web.servlet.DispatcherServlet        : [] Initializing Servlet 'dispatcherServlet'
2025-03-09 21:54:10.265  INFO 58133 --- [nio-8080-exec-1] o.s.web.servlet.DispatcherServlet        : [] Completed initialization in 4 ms
2025-03-09 21:56:55.102  INFO 58350 --- [           main] az.ailab.lib.common.Application          : [] Starting Application using Java 17.0.14 with PID 58350 (/Users/tahmazovfarid/IdeaProjects/lib-common/build/classes/java/main started by tahmazovfarid in /Users/tahmazovfarid/IdeaProjects/lib-common)
2025-03-09 21:56:55.104  INFO 58350 --- [           main] az.ailab.lib.common.Application          : [] The following 1 profile is active: "dev"
2025-03-09 21:56:56.259  INFO 58350 --- [           main] o.s.cloud.context.scope.GenericScope     : [] BeanFactory id=e8f1790a-57d5-34ef-b5fe-2f9753c37b6b
2025-03-09 21:56:57.006  INFO 58350 --- [           main] o.s.b.w.embedded.tomcat.TomcatWebServer  : [] Tomcat initialized with port 8080 (http)
2025-03-09 21:56:57.038  INFO 58350 --- [           main] o.apache.catalina.core.StandardService   : [] Starting service [Tomcat]
2025-03-09 21:56:57.039  INFO 58350 --- [           main] o.apache.catalina.core.StandardEngine    : [] Starting Servlet engine: [Apache Tomcat/10.1.19]
2025-03-09 21:56:57.187  INFO 58350 --- [           main] o.a.c.c.C.[Tomcat].[localhost].[/]       : [] Initializing Spring embedded WebApplicationContext
2025-03-09 21:56:57.188  INFO 58350 --- [           main] w.s.c.ServletWebServerApplicationContext : [] Root WebApplicationContext: initialization completed in 2052 ms
2025-03-09 21:56:58.885  INFO 58350 --- [           main] o.s.b.a.e.web.EndpointLinksResolver      : [] Exposing 1 endpoint(s) beneath base path '/actuator'
2025-03-09 21:56:58.968  INFO 58350 --- [           main] o.s.b.w.embedded.tomcat.TomcatWebServer  : [] Tomcat started on port 8080 (http) with context path ''
2025-03-09 21:56:58.985  INFO 58350 --- [           main] az.ailab.lib.common.Application          : [] Started Application in 4.367 seconds (process running for 7.755)
2025-03-09 21:57:00.632  INFO 58350 --- [on(3)-127.0.0.1] o.a.c.c.C.[Tomcat].[localhost].[/]       : [] Initializing Spring DispatcherServlet 'dispatcherServlet'
2025-03-09 21:57:00.659  INFO 58350 --- [on(3)-127.0.0.1] o.s.web.servlet.DispatcherServlet        : [] Initializing Servlet 'dispatcherServlet'
2025-03-09 21:57:00.662  INFO 58350 --- [on(3)-127.0.0.1] o.s.web.servlet.DispatcherServlet        : [] Completed initialization in 3 ms
2025-03-09 21:57:15.450 ERROR 58350 --- [nio-8080-exec-1] a.a.lib.common.error.CommonErrorHandler  : [] Service error, status: 403, code: FORBIDDEN, message: Operation not permitted!, 
2025-03-09 21:58:00.430  INFO 58396 --- [           main] az.ailab.lib.common.Application          : [] Starting Application using Java 17.0.14 with PID 58396 (/Users/tahmazovfarid/IdeaProjects/lib-common/build/classes/java/main started by tahmazovfarid in /Users/tahmazovfarid/IdeaProjects/lib-common)
2025-03-09 21:58:00.431  INFO 58396 --- [           main] az.ailab.lib.common.Application          : [] The following 1 profile is active: "dev"
2025-03-09 21:58:01.410  INFO 58396 --- [           main] o.s.cloud.context.scope.GenericScope     : [] BeanFactory id=e8f1790a-57d5-34ef-b5fe-2f9753c37b6b
2025-03-09 21:58:01.703  INFO 58396 --- [           main] o.s.b.w.embedded.tomcat.TomcatWebServer  : [] Tomcat initialized with port 8080 (http)
2025-03-09 21:58:01.708  INFO 58396 --- [           main] o.apache.catalina.core.StandardService   : [] Starting service [Tomcat]
2025-03-09 21:58:01.708  INFO 58396 --- [           main] o.apache.catalina.core.StandardEngine    : [] Starting Servlet engine: [Apache Tomcat/10.1.19]
2025-03-09 21:58:01.752  INFO 58396 --- [           main] o.a.c.c.C.[Tomcat].[localhost].[/]       : [] Initializing Spring embedded WebApplicationContext
2025-03-09 21:58:01.753  INFO 58396 --- [           main] w.s.c.ServletWebServerApplicationContext : [] Root WebApplicationContext: initialization completed in 1285 ms
2025-03-09 21:58:02.344  INFO 58396 --- [           main] o.s.b.a.e.web.EndpointLinksResolver      : [] Exposing 1 endpoint(s) beneath base path '/actuator'
2025-03-09 21:58:02.376  INFO 58396 --- [           main] o.s.b.w.embedded.tomcat.TomcatWebServer  : [] Tomcat started on port 8080 (http) with context path ''
2025-03-09 21:58:02.393  INFO 58396 --- [           main] az.ailab.lib.common.Application          : [] Started Application in 2.586 seconds (process running for 5.668)
2025-03-09 21:58:09.661  INFO 58396 --- [nio-8080-exec-1] o.a.c.c.C.[Tomcat].[localhost].[/]       : [] Initializing Spring DispatcherServlet 'dispatcherServlet'
2025-03-09 21:58:09.668  INFO 58396 --- [nio-8080-exec-1] o.s.web.servlet.DispatcherServlet        : [] Initializing Servlet 'dispatcherServlet'
2025-03-09 21:58:09.691  INFO 58396 --- [nio-8080-exec-1] o.s.web.servlet.DispatcherServlet        : [] Completed initialization in 21 ms
2025-03-09 21:58:09.801 ERROR 58396 --- [nio-8080-exec-1] a.a.lib.common.error.CommonErrorHandler  : [] Service error, status: 403, code: FORBIDDEN, message: Operation not permitted!, 
2025-03-09 22:00:50.570  INFO 58500 --- [           main] az.ailab.lib.common.Application          : [] Starting Application using Java 17.0.14 with PID 58500 (/Users/tahmazovfarid/IdeaProjects/lib-common/build/classes/java/main started by tahmazovfarid in /Users/tahmazovfarid/IdeaProjects/lib-common)
2025-03-09 22:00:50.571  INFO 58500 --- [           main] az.ailab.lib.common.Application          : [] The following 1 profile is active: "dev"
2025-03-09 22:00:51.425  INFO 58500 --- [           main] o.s.cloud.context.scope.GenericScope     : [] BeanFactory id=e8f1790a-57d5-34ef-b5fe-2f9753c37b6b
2025-03-09 22:00:51.670  INFO 58500 --- [           main] o.s.b.w.embedded.tomcat.TomcatWebServer  : [] Tomcat initialized with port 8080 (http)
2025-03-09 22:00:51.677  INFO 58500 --- [           main] o.apache.catalina.core.StandardService   : [] Starting service [Tomcat]
2025-03-09 22:00:51.678  INFO 58500 --- [           main] o.apache.catalina.core.StandardEngine    : [] Starting Servlet engine: [Apache Tomcat/10.1.19]
2025-03-09 22:00:51.717  INFO 58500 --- [           main] o.a.c.c.C.[Tomcat].[localhost].[/]       : [] Initializing Spring embedded WebApplicationContext
2025-03-09 22:00:51.718  INFO 58500 --- [           main] w.s.c.ServletWebServerApplicationContext : [] Root WebApplicationContext: initialization completed in 1102 ms
2025-03-09 22:00:52.376  INFO 58500 --- [           main] o.s.b.a.e.web.EndpointLinksResolver      : [] Exposing 1 endpoint(s) beneath base path '/actuator'
2025-03-09 22:00:52.431  INFO 58500 --- [           main] o.s.b.w.embedded.tomcat.TomcatWebServer  : [] Tomcat started on port 8080 (http) with context path ''
2025-03-09 22:00:52.444  INFO 58500 --- [           main] az.ailab.lib.common.Application          : [] Started Application in 2.385 seconds (process running for 5.387)
2025-03-09 22:01:16.544  INFO 58513 --- [           main] az.ailab.lib.common.Application          : [] Starting Application using Java 17.0.14 with PID 58513 (/Users/tahmazovfarid/IdeaProjects/lib-common/build/classes/java/main started by tahmazovfarid in /Users/tahmazovfarid/IdeaProjects/lib-common)
2025-03-09 22:01:16.548  INFO 58513 --- [           main] az.ailab.lib.common.Application          : [] The following 1 profile is active: "dev"
2025-03-09 22:01:17.227  INFO 58513 --- [           main] o.s.cloud.context.scope.GenericScope     : [] BeanFactory id=e8f1790a-57d5-34ef-b5fe-2f9753c37b6b
2025-03-09 22:01:17.536  INFO 58513 --- [           main] o.s.b.w.embedded.tomcat.TomcatWebServer  : [] Tomcat initialized with port 8080 (http)
2025-03-09 22:01:17.543  INFO 58513 --- [           main] o.apache.catalina.core.StandardService   : [] Starting service [Tomcat]
2025-03-09 22:01:17.543  INFO 58513 --- [           main] o.apache.catalina.core.StandardEngine    : [] Starting Servlet engine: [Apache Tomcat/10.1.19]
2025-03-09 22:01:17.581  INFO 58513 --- [           main] o.a.c.c.C.[Tomcat].[localhost].[/]       : [] Initializing Spring embedded WebApplicationContext
2025-03-09 22:01:17.581  INFO 58513 --- [           main] w.s.c.ServletWebServerApplicationContext : [] Root WebApplicationContext: initialization completed in 997 ms
2025-03-09 22:01:18.554  INFO 58513 --- [           main] o.s.b.a.e.web.EndpointLinksResolver      : [] Exposing 1 endpoint(s) beneath base path '/actuator'
2025-03-09 22:01:18.692  INFO 58513 --- [           main] o.s.b.w.embedded.tomcat.TomcatWebServer  : [] Tomcat started on port 8080 (http) with context path ''
2025-03-09 22:01:18.711  INFO 58513 --- [           main] az.ailab.lib.common.Application          : [] Started Application in 2.6 seconds (process running for 3.693)
2025-03-09 22:01:19.625  INFO 58513 --- [on(6)-127.0.0.1] o.a.c.c.C.[Tomcat].[localhost].[/]       : [] Initializing Spring DispatcherServlet 'dispatcherServlet'
2025-03-09 22:01:19.625  INFO 58513 --- [on(6)-127.0.0.1] o.s.web.servlet.DispatcherServlet        : [] Initializing Servlet 'dispatcherServlet'
2025-03-09 22:01:19.627  INFO 58513 --- [on(6)-127.0.0.1] o.s.web.servlet.DispatcherServlet        : [] Completed initialization in 2 ms
2025-03-09 22:01:25.325 ERROR 58513 --- [nio-8080-exec-1] a.a.lib.common.error.CommonErrorHandler  : [] Service error, status: 403, code: FORBIDDEN, message: Operation not permitted!, 
2025-03-09 22:03:28.163  INFO 58542 --- [           main] az.ailab.lib.common.Application          : [] Starting Application using Java 17.0.14 with PID 58542 (/Users/tahmazovfarid/IdeaProjects/lib-common/build/classes/java/main started by tahmazovfarid in /Users/tahmazovfarid/IdeaProjects/lib-common)
2025-03-09 22:03:28.166  INFO 58542 --- [           main] az.ailab.lib.common.Application          : [] The following 1 profile is active: "dev"
2025-03-09 22:03:28.950  INFO 58542 --- [           main] o.s.cloud.context.scope.GenericScope     : [] BeanFactory id=99d77837-7200-3d5d-89d9-e921f4081b56
2025-03-09 22:03:31.227  INFO 58542 --- [           main] o.s.b.w.embedded.tomcat.TomcatWebServer  : [] Tomcat initialized with port 8080 (http)
2025-03-09 22:03:31.249  INFO 58542 --- [           main] o.apache.catalina.core.StandardService   : [] Starting service [Tomcat]
2025-03-09 22:03:31.249  INFO 58542 --- [           main] o.apache.catalina.core.StandardEngine    : [] Starting Servlet engine: [Apache Tomcat/10.1.19]
2025-03-09 22:03:31.738  INFO 58542 --- [           main] o.a.c.c.C.[Tomcat].[localhost].[/]       : [] Initializing Spring embedded WebApplicationContext
2025-03-09 22:03:31.742  INFO 58542 --- [           main] w.s.c.ServletWebServerApplicationContext : [] Root WebApplicationContext: initialization completed in 3536 ms
2025-03-09 22:03:37.868  INFO 58542 --- [           main] o.s.b.a.e.web.EndpointLinksResolver      : [] Exposing 1 endpoint(s) beneath base path '/actuator'
2025-03-09 22:03:38.316  INFO 58542 --- [           main] o.s.b.w.embedded.tomcat.TomcatWebServer  : [] Tomcat started on port 8080 (http) with context path ''
2025-03-09 22:03:38.351  INFO 58542 --- [           main] az.ailab.lib.common.Application          : [] Started Application in 10.594 seconds (process running for 13.285)
2025-03-09 22:03:39.141  INFO 58542 --- [n(20)-127.0.0.1] o.a.c.c.C.[Tomcat].[localhost].[/]       : [] Initializing Spring DispatcherServlet 'dispatcherServlet'
2025-03-09 22:03:39.142  INFO 58542 --- [n(20)-127.0.0.1] o.s.web.servlet.DispatcherServlet        : [] Initializing Servlet 'dispatcherServlet'
2025-03-09 22:03:39.144  INFO 58542 --- [n(20)-127.0.0.1] o.s.web.servlet.DispatcherServlet        : [] Completed initialization in 2 ms
2025-03-09 22:04:20.795 ERROR 58542 --- [nio-8080-exec-1] a.ailab.lib.common.aspect.LoggingAspect  : [] Exception in az.ailab.lib.common.controller.TestController.test() with cause = 'az.ailab.lib.common.error.ServiceException' and exception = 'Operation not permitted!'
az.ailab.lib.common.error.ServiceException: Operation not permitted!
	at az.ailab.lib.common.error.ServiceException.forbidden(ServiceException.java:69)
	at az.ailab.lib.common.controller.TestController.test(TestController.java:16)
	at java.base/jdk.internal.reflect.NativeMethodAccessorImpl.invoke0(Native Method)
	at java.base/jdk.internal.reflect.NativeMethodAccessorImpl.invoke(NativeMethodAccessorImpl.java:77)
	at java.base/jdk.internal.reflect.DelegatingMethodAccessorImpl.invoke(DelegatingMethodAccessorImpl.java:43)
	at java.base/java.lang.reflect.Method.invoke(Method.java:569)
	at org.springframework.aop.support.AopUtils.invokeJoinpointUsingReflection(AopUtils.java:351)
	at org.springframework.aop.framework.ReflectiveMethodInvocation.invokeJoinpoint(ReflectiveMethodInvocation.java:196)
	at org.springframework.aop.framework.ReflectiveMethodInvocation.proceed(ReflectiveMethodInvocation.java:163)
	at org.springframework.aop.framework.CglibAopProxy$CglibMethodInvocation.proceed(CglibAopProxy.java:765)
	at org.springframework.aop.aspectj.AspectJAfterThrowingAdvice.invoke(AspectJAfterThrowingAdvice.java:64)
	at org.springframework.aop.framework.ReflectiveMethodInvocation.proceed(ReflectiveMethodInvocation.java:184)
	at org.springframework.aop.framework.CglibAopProxy$CglibMethodInvocation.proceed(CglibAopProxy.java:765)
	at org.springframework.aop.aspectj.MethodInvocationProceedingJoinPoint.proceed(MethodInvocationProceedingJoinPoint.java:89)
	at az.ailab.lib.common.aspect.LoggingAspect.logAround(LoggingAspect.java:127)
	at java.base/jdk.internal.reflect.NativeMethodAccessorImpl.invoke0(Native Method)
	at java.base/jdk.internal.reflect.NativeMethodAccessorImpl.invoke(NativeMethodAccessorImpl.java:77)
	at java.base/jdk.internal.reflect.DelegatingMethodAccessorImpl.invoke(DelegatingMethodAccessorImpl.java:43)
	at java.base/java.lang.reflect.Method.invoke(Method.java:569)
	at org.springframework.aop.aspectj.AbstractAspectJAdvice.invokeAdviceMethodWithGivenArgs(AbstractAspectJAdvice.java:637)
	at org.springframework.aop.aspectj.AbstractAspectJAdvice.invokeAdviceMethod(AbstractAspectJAdvice.java:627)
	at org.springframework.aop.aspectj.AspectJAroundAdvice.invoke(AspectJAroundAdvice.java:71)
	at org.springframework.aop.framework.ReflectiveMethodInvocation.proceed(ReflectiveMethodInvocation.java:184)
	at org.springframework.aop.framework.CglibAopProxy$CglibMethodInvocation.proceed(CglibAopProxy.java:765)
	at org.springframework.aop.interceptor.ExposeInvocationInterceptor.invoke(ExposeInvocationInterceptor.java:97)
	at org.springframework.aop.framework.ReflectiveMethodInvocation.proceed(ReflectiveMethodInvocation.java:184)
	at org.springframework.aop.framework.CglibAopProxy$CglibMethodInvocation.proceed(CglibAopProxy.java:765)
	at org.springframework.aop.framework.CglibAopProxy$DynamicAdvisedInterceptor.intercept(CglibAopProxy.java:717)
	at az.ailab.lib.common.controller.TestController$$SpringCGLIB$$0.test(<generated>)
	at java.base/jdk.internal.reflect.NativeMethodAccessorImpl.invoke0(Native Method)
	at java.base/jdk.internal.reflect.NativeMethodAccessorImpl.invoke(NativeMethodAccessorImpl.java:77)
	at java.base/jdk.internal.reflect.DelegatingMethodAccessorImpl.invoke(DelegatingMethodAccessorImpl.java:43)
	at java.base/java.lang.reflect.Method.invoke(Method.java:569)
	at org.springframework.web.method.support.InvocableHandlerMethod.doInvoke(InvocableHandlerMethod.java:255)
	at org.springframework.web.method.support.InvocableHandlerMethod.invokeForRequest(InvocableHandlerMethod.java:188)
	at org.springframework.web.servlet.mvc.method.annotation.ServletInvocableHandlerMethod.invokeAndHandle(ServletInvocableHandlerMethod.java:118)
	at org.springframework.web.servlet.mvc.method.annotation.RequestMappingHandlerAdapter.invokeHandlerMethod(RequestMappingHandlerAdapter.java:925)
	at org.springframework.web.servlet.mvc.method.annotation.RequestMappingHandlerAdapter.handleInternal(RequestMappingHandlerAdapter.java:830)
	at org.springframework.web.servlet.mvc.method.AbstractHandlerMethodAdapter.handle(AbstractHandlerMethodAdapter.java:87)
	at org.springframework.web.servlet.DispatcherServlet.doDispatch(DispatcherServlet.java:1089)
	at org.springframework.web.servlet.DispatcherServlet.doService(DispatcherServlet.java:979)
	at org.springframework.web.servlet.FrameworkServlet.processRequest(FrameworkServlet.java:1014)
	at org.springframework.web.servlet.FrameworkServlet.doGet(FrameworkServlet.java:903)
	at jakarta.servlet.http.HttpServlet.service(HttpServlet.java:564)
	at org.springframework.web.servlet.FrameworkServlet.service(FrameworkServlet.java:885)
	at jakarta.servlet.http.HttpServlet.service(HttpServlet.java:658)
	at org.apache.catalina.core.ApplicationFilterChain.internalDoFilter(ApplicationFilterChain.java:205)
	at org.apache.catalina.core.ApplicationFilterChain.doFilter(ApplicationFilterChain.java:149)
	at org.apache.tomcat.websocket.server.WsFilter.doFilter(WsFilter.java:51)
	at org.apache.catalina.core.ApplicationFilterChain.internalDoFilter(ApplicationFilterChain.java:174)
	at org.apache.catalina.core.ApplicationFilterChain.doFilter(ApplicationFilterChain.java:149)
	at az.ailab.lib.common.filter.TraceResponseFilter.doFilter(TraceResponseFilter.java:60)
	at org.apache.catalina.core.ApplicationFilterChain.internalDoFilter(ApplicationFilterChain.java:174)
	at org.apache.catalina.core.ApplicationFilterChain.doFilter(ApplicationFilterChain.java:149)
	at org.springframework.web.filter.RequestContextFilter.doFilterInternal(RequestContextFilter.java:100)
	at org.springframework.web.filter.OncePerRequestFilter.doFilter(OncePerRequestFilter.java:116)
	at org.apache.catalina.core.ApplicationFilterChain.internalDoFilter(ApplicationFilterChain.java:174)
	at org.apache.catalina.core.ApplicationFilterChain.doFilter(ApplicationFilterChain.java:149)
	at org.springframework.web.filter.FormContentFilter.doFilterInternal(FormContentFilter.java:93)
	at org.springframework.web.filter.OncePerRequestFilter.doFilter(OncePerRequestFilter.java:116)
	at org.apache.catalina.core.ApplicationFilterChain.internalDoFilter(ApplicationFilterChain.java:174)
	at org.apache.catalina.core.ApplicationFilterChain.doFilter(ApplicationFilterChain.java:149)
	at org.springframework.web.filter.ServerHttpObservationFilter.doFilterInternal(ServerHttpObservationFilter.java:109)
	at org.springframework.web.filter.OncePerRequestFilter.doFilter(OncePerRequestFilter.java:116)
	at org.apache.catalina.core.ApplicationFilterChain.internalDoFilter(ApplicationFilterChain.java:174)
	at org.apache.catalina.core.ApplicationFilterChain.doFilter(ApplicationFilterChain.java:149)
	at org.springframework.web.filter.CharacterEncodingFilter.doFilterInternal(CharacterEncodingFilter.java:201)
	at org.springframework.web.filter.OncePerRequestFilter.doFilter(OncePerRequestFilter.java:116)
	at org.apache.catalina.core.ApplicationFilterChain.internalDoFilter(ApplicationFilterChain.java:174)
	at org.apache.catalina.core.ApplicationFilterChain.doFilter(ApplicationFilterChain.java:149)
	at org.apache.catalina.core.StandardWrapperValve.invoke(StandardWrapperValve.java:167)
	at org.apache.catalina.core.StandardContextValve.invoke(StandardContextValve.java:90)
	at org.apache.catalina.authenticator.AuthenticatorBase.invoke(AuthenticatorBase.java:482)
	at org.apache.catalina.core.StandardHostValve.invoke(StandardHostValve.java:115)
	at org.apache.catalina.valves.ErrorReportValve.invoke(ErrorReportValve.java:93)
	at org.apache.catalina.core.StandardEngineValve.invoke(StandardEngineValve.java:74)
	at org.apache.catalina.connector.CoyoteAdapter.service(CoyoteAdapter.java:344)
	at org.apache.coyote.http11.Http11Processor.service(Http11Processor.java:391)
	at org.apache.coyote.AbstractProcessorLight.process(AbstractProcessorLight.java:63)
	at org.apache.coyote.AbstractProtocol$ConnectionHandler.process(AbstractProtocol.java:896)
	at org.apache.tomcat.util.net.NioEndpoint$SocketProcessor.doRun(NioEndpoint.java:1744)
	at org.apache.tomcat.util.net.SocketProcessorBase.run(SocketProcessorBase.java:52)
	at org.apache.tomcat.util.threads.ThreadPoolExecutor.runWorker(ThreadPoolExecutor.java:1191)
	at org.apache.tomcat.util.threads.ThreadPoolExecutor$Worker.run(ThreadPoolExecutor.java:659)
	at org.apache.tomcat.util.threads.TaskThread$WrappingRunnable.run(TaskThread.java:63)
	at java.base/java.lang.Thread.run(Thread.java:840)
2025-03-09 22:04:20.807 ERROR 58542 --- [nio-8080-exec-1] a.a.lib.common.error.CommonErrorHandler  : [] Service error, status: 403, code: FORBIDDEN, message: Operation not permitted!, 
